<?xml version="1.0" encoding="UTF-8"?>
<coverage generated="1519771721711" clover="3.2.0">
  <project timestamp="1519771721711" name="All files">
    <metrics statements="120" coveredstatements="119" conditionals="19" coveredconditionals="16" methods="44" coveredmethods="44" elements="183" coveredelements="179" complexity="0" loc="120" ncloc="120" packages="4" files="14" classes="14">
      <package name="models">
        <metrics statements="32" coveredstatements="31" conditionals="9" coveredconditionals="6" methods="9" coveredmethods="9"/>
        <file name="index.js" path="/Users/aakashraju/MDL/Evaluations/evaluation4/backend/models/index.js">
          <metrics statements="20" coveredstatements="19" conditionals="9" coveredconditionals="6" methods="3" coveredmethods="3"/>
          <line num="3" count="6" type="stmt"/>
          <line num="4" count="6" type="stmt"/>
          <line num="5" count="6" type="stmt"/>
          <line num="6" count="6" type="stmt"/>
          <line num="7" count="6" type="cond" truecount="1" falsecount="1"/>
          <line num="8" count="6" type="stmt"/>
          <line num="9" count="6" type="stmt"/>
          <line num="11" count="6" type="cond" truecount="1" falsecount="1"/>
          <line num="12" count="0" type="stmt"/>
          <line num="14" count="6" type="stmt"/>
          <line num="17" count="6" type="stmt"/>
          <line num="20" count="24" type="cond" truecount="3" falsecount="0"/>
          <line num="23" count="18" type="stmt"/>
          <line num="24" count="18" type="stmt"/>
          <line num="27" count="6" type="stmt"/>
          <line num="28" count="18" type="cond" truecount="1" falsecount="1"/>
          <line num="29" count="18" type="stmt"/>
          <line num="33" count="6" type="stmt"/>
          <line num="34" count="6" type="stmt"/>
          <line num="36" count="6" type="stmt"/>
        </file>
        <file name="questionbank.js" path="/Users/aakashraju/MDL/Evaluations/evaluation4/backend/models/questionbank.js">
          <metrics statements="4" coveredstatements="4" conditionals="0" coveredconditionals="0" methods="2" coveredmethods="2"/>
          <line num="2" count="6" type="stmt"/>
          <line num="3" count="6" type="stmt"/>
          <line num="9" count="6" type="stmt"/>
          <line num="12" count="6" type="stmt"/>
        </file>
        <file name="responses.js" path="/Users/aakashraju/MDL/Evaluations/evaluation4/backend/models/responses.js">
          <metrics statements="4" coveredstatements="4" conditionals="0" coveredconditionals="0" methods="2" coveredmethods="2"/>
          <line num="2" count="6" type="stmt"/>
          <line num="3" count="6" type="stmt"/>
          <line num="8" count="6" type="stmt"/>
          <line num="11" count="6" type="stmt"/>
        </file>
        <file name="users.js" path="/Users/aakashraju/MDL/Evaluations/evaluation4/backend/models/users.js">
          <metrics statements="4" coveredstatements="4" conditionals="0" coveredconditionals="0" methods="2" coveredmethods="2"/>
          <line num="2" count="6" type="stmt"/>
          <line num="3" count="6" type="stmt"/>
          <line num="7" count="6" type="stmt"/>
          <line num="10" count="6" type="stmt"/>
        </file>
      </package>
      <package name="src">
        <metrics statements="9" coveredstatements="9" conditionals="0" coveredconditionals="0" methods="1" coveredmethods="1"/>
        <file name="server.js" path="/Users/aakashraju/MDL/Evaluations/evaluation4/backend/src/server.js">
          <metrics statements="9" coveredstatements="9" conditionals="0" coveredconditionals="0" methods="1" coveredmethods="1"/>
          <line num="1" count="4" type="stmt"/>
          <line num="2" count="4" type="stmt"/>
          <line num="4" count="4" type="stmt"/>
          <line num="6" count="4" type="stmt"/>
          <line num="8" count="4" type="stmt"/>
          <line num="10" count="4" type="stmt"/>
          <line num="11" count="4" type="stmt"/>
          <line num="12" count="4" type="stmt"/>
          <line num="15" count="4" type="stmt"/>
        </file>
      </package>
      <package name="src.controllers">
        <metrics statements="54" coveredstatements="54" conditionals="10" coveredconditionals="10" methods="26" coveredmethods="26"/>
        <file name="calculateScoreHandler.js" path="/Users/aakashraju/MDL/Evaluations/evaluation4/backend/src/controllers/calculateScoreHandler.js">
          <metrics statements="15" coveredstatements="15" conditionals="4" coveredconditionals="4" methods="5" coveredmethods="5"/>
          <line num="1" count="4" type="stmt"/>
          <line num="3" count="4" type="stmt"/>
          <line num="4" count="2" type="stmt"/>
          <line num="5" count="2" type="stmt"/>
          <line num="6" count="2" type="stmt"/>
          <line num="7" count="2" type="stmt"/>
          <line num="12" count="2" type="stmt"/>
          <line num="13" count="4" type="stmt"/>
          <line num="14" count="4" type="stmt"/>
          <line num="19" count="4" type="cond" truecount="2" falsecount="0"/>
          <line num="20" count="2" type="stmt"/>
          <line num="22" count="4" type="stmt"/>
          <line num="23" count="4" type="cond" truecount="2" falsecount="0"/>
          <line num="24" count="2" type="stmt"/>
          <line num="30" count="2" type="stmt"/>
        </file>
        <file name="getQuestionsHandler.js" path="/Users/aakashraju/MDL/Evaluations/evaluation4/backend/src/controllers/getQuestionsHandler.js">
          <metrics statements="22" coveredstatements="22" conditionals="4" coveredconditionals="4" methods="12" coveredmethods="12"/>
          <line num="1" count="5" type="stmt"/>
          <line num="2" count="5" type="stmt"/>
          <line num="4" count="5" type="stmt"/>
          <line num="5" count="2" type="stmt"/>
          <line num="6" count="2" type="stmt"/>
          <line num="7" count="2" type="cond" truecount="2" falsecount="0"/>
          <line num="8" count="1" type="stmt"/>
          <line num="9" count="1" type="stmt"/>
          <line num="10" count="1" type="stmt"/>
          <line num="11" count="1" type="stmt"/>
          <line num="12" count="12" type="stmt"/>
          <line num="13" count="12" type="stmt"/>
          <line num="14" count="12" type="stmt"/>
          <line num="15" count="12" type="stmt"/>
          <line num="16" count="72" type="cond" truecount="2" falsecount="0"/>
          <line num="17" count="48" type="stmt"/>
          <line num="20" count="12" type="stmt"/>
          <line num="26" count="12" type="stmt"/>
          <line num="31" count="1" type="stmt"/>
          <line num="32" count="1" type="stmt"/>
          <line num="36" count="1" type="stmt"/>
          <line num="40" count="2" type="stmt"/>
        </file>
        <file name="loginHandler.js" path="/Users/aakashraju/MDL/Evaluations/evaluation4/backend/src/controllers/loginHandler.js">
          <metrics statements="10" coveredstatements="10" conditionals="2" coveredconditionals="2" methods="5" coveredmethods="5"/>
          <line num="1" count="4" type="stmt"/>
          <line num="3" count="4" type="stmt"/>
          <line num="4" count="4" type="stmt"/>
          <line num="5" count="4" type="stmt"/>
          <line num="10" count="4" type="cond" truecount="2" falsecount="0"/>
          <line num="11" count="2" type="stmt"/>
          <line num="14" count="2" type="stmt"/>
          <line num="16" count="2" type="stmt"/>
          <line num="21" count="2" type="stmt"/>
          <line num="29" count="4" type="stmt"/>
        </file>
        <file name="saveQuestionResponseHandler.js" path="/Users/aakashraju/MDL/Evaluations/evaluation4/backend/src/controllers/saveQuestionResponseHandler.js">
          <metrics statements="7" coveredstatements="7" conditionals="0" coveredconditionals="0" methods="4" coveredmethods="4"/>
          <line num="1" count="5" type="stmt"/>
          <line num="3" count="5" type="stmt"/>
          <line num="4" count="3" type="stmt"/>
          <line num="5" count="3" type="stmt"/>
          <line num="11" count="3" type="stmt"/>
          <line num="16" count="3" type="stmt"/>
          <line num="20" count="3" type="stmt"/>
        </file>
      </package>
      <package name="src.routes">
        <metrics statements="25" coveredstatements="25" conditionals="0" coveredconditionals="0" methods="8" coveredmethods="8"/>
        <file name="calculateScore.js" path="/Users/aakashraju/MDL/Evaluations/evaluation4/backend/src/routes/calculateScore.js">
          <metrics statements="5" coveredstatements="5" conditionals="0" coveredconditionals="0" methods="2" coveredmethods="2"/>
          <line num="1" count="4" type="stmt"/>
          <line num="3" count="4" type="stmt"/>
          <line num="7" count="2" type="stmt"/>
          <line num="8" count="2" type="stmt"/>
          <line num="9" count="2" type="stmt"/>
        </file>
        <file name="getQuestions.js" path="/Users/aakashraju/MDL/Evaluations/evaluation4/backend/src/routes/getQuestions.js">
          <metrics statements="5" coveredstatements="5" conditionals="0" coveredconditionals="0" methods="2" coveredmethods="2"/>
          <line num="1" count="4" type="stmt"/>
          <line num="3" count="4" type="stmt"/>
          <line num="7" count="1" type="stmt"/>
          <line num="8" count="1" type="stmt"/>
          <line num="9" count="1" type="stmt"/>
        </file>
        <file name="index.js" path="/Users/aakashraju/MDL/Evaluations/evaluation4/backend/src/routes/index.js">
          <metrics statements="5" coveredstatements="5" conditionals="0" coveredconditionals="0" methods="0" coveredmethods="0"/>
          <line num="1" count="4" type="stmt"/>
          <line num="2" count="4" type="stmt"/>
          <line num="3" count="4" type="stmt"/>
          <line num="4" count="4" type="stmt"/>
          <line num="6" count="4" type="stmt"/>
        </file>
        <file name="login.js" path="/Users/aakashraju/MDL/Evaluations/evaluation4/backend/src/routes/login.js">
          <metrics statements="5" coveredstatements="5" conditionals="0" coveredconditionals="0" methods="2" coveredmethods="2"/>
          <line num="1" count="4" type="stmt"/>
          <line num="3" count="4" type="stmt"/>
          <line num="7" count="4" type="stmt"/>
          <line num="8" count="4" type="stmt"/>
          <line num="9" count="4" type="stmt"/>
        </file>
        <file name="saveQuestionResponse.js" path="/Users/aakashraju/MDL/Evaluations/evaluation4/backend/src/routes/saveQuestionResponse.js">
          <metrics statements="5" coveredstatements="5" conditionals="0" coveredconditionals="0" methods="2" coveredmethods="2"/>
          <line num="1" count="4" type="stmt"/>
          <line num="3" count="4" type="stmt"/>
          <line num="7" count="2" type="stmt"/>
          <line num="11" count="2" type="stmt"/>
          <line num="12" count="2" type="stmt"/>
        </file>
      </package>
    </metrics>
  </project>
</coverage>
