{"/Users/aakashraju/MDL/Evaluations/evaluation4/backend/src/server.js": {"path":"/Users/aakashraju/MDL/Evaluations/evaluation4/backend/src/server.js","statementMap":{"0":{"start":{"line":1,"column":13},"end":{"line":1,"column":28}},"1":{"start":{"line":2,"column":15},"end":{"line":2,"column":34}},"2":{"start":{"line":4,"column":15},"end":{"line":4,"column":32}},"3":{"start":{"line":6,"column":0},"end":{"line":6,"column":53}},"4":{"start":{"line":8,"column":0},"end":{"line":8,"column":21}},"5":{"start":{"line":15,"column":0},"end":{"line":15,"column":24}}},"fnMap":{},"branchMap":{},"s":{"0":1,"1":1,"2":1,"3":1,"4":1,"5":1},"f":{},"b":{},"_coverageSchema":"332fd63041d2c1bcb487cc26dd0d5f7d97098a6c","hash":"05e9369eb12335086e18204f06ee9659efa8bbde"}
,"/Users/aakashraju/MDL/Evaluations/evaluation4/backend/src/routes/index.js": {"path":"/Users/aakashraju/MDL/Evaluations/evaluation4/backend/src/routes/index.js","statementMap":{"0":{"start":{"line":1,"column":14},"end":{"line":1,"column":32}},"1":{"start":{"line":3,"column":0},"end":{"line":3,"column":34}}},"fnMap":{},"branchMap":{},"s":{"0":1,"1":1},"f":{},"b":{},"_coverageSchema":"332fd63041d2c1bcb487cc26dd0d5f7d97098a6c","hash":"ae5ef15369119a0cb2874f5e2bb43d25207ac2ed"}
,"/Users/aakashraju/MDL/Evaluations/evaluation4/backend/src/routes/login.js": {"path":"/Users/aakashraju/MDL/Evaluations/evaluation4/backend/src/routes/login.js","statementMap":{"0":{"start":{"line":1,"column":0},"end":{"line":9,"column":2}},"1":{"start":{"line":6,"column":4},"end":{"line":6,"column":31}}},"fnMap":{"0":{"name":"(anonymous_0)","decl":{"start":{"line":5,"column":11},"end":{"line":5,"column":12}},"loc":{"start":{"line":5,"column":31},"end":{"line":7,"column":3}},"line":5}},"branchMap":{},"s":{"0":1,"1":1},"f":{"0":1},"b":{},"_coverageSchema":"332fd63041d2c1bcb487cc26dd0d5f7d97098a6c","hash":"4ac051aa3e1e9545efad176811aa13fd046d4906"}
}
