{"/Users/aakashraju/MDL/Evaluations/evaluation4/backend/models/index.js": {"path":"/Users/aakashraju/MDL/Evaluations/evaluation4/backend/models/index.js","statementMap":{"0":{"start":{"line":3,"column":16},"end":{"line":3,"column":29}},"1":{"start":{"line":4,"column":16},"end":{"line":4,"column":31}},"2":{"start":{"line":5,"column":16},"end":{"line":5,"column":36}},"3":{"start":{"line":6,"column":16},"end":{"line":6,"column":41}},"4":{"start":{"line":7,"column":16},"end":{"line":7,"column":53}},"5":{"start":{"line":8,"column":16},"end":{"line":8,"column":66}},"6":{"start":{"line":9,"column":16},"end":{"line":9,"column":18}},"7":{"start":{"line":11,"column":0},"end":{"line":15,"column":1}},"8":{"start":{"line":12,"column":18},"end":{"line":12,"column":77}},"9":{"start":{"line":14,"column":18},"end":{"line":14,"column":90}},"10":{"start":{"line":17,"column":0},"end":{"line":25,"column":5}},"11":{"start":{"line":20,"column":4},"end":{"line":20,"column":90}},"12":{"start":{"line":23,"column":16},"end":{"line":23,"column":63}},"13":{"start":{"line":24,"column":4},"end":{"line":24,"column":27}},"14":{"start":{"line":27,"column":0},"end":{"line":31,"column":3}},"15":{"start":{"line":28,"column":2},"end":{"line":30,"column":3}},"16":{"start":{"line":29,"column":4},"end":{"line":29,"column":32}},"17":{"start":{"line":33,"column":0},"end":{"line":33,"column":25}},"18":{"start":{"line":34,"column":0},"end":{"line":34,"column":25}},"19":{"start":{"line":36,"column":0},"end":{"line":36,"column":20}}},"fnMap":{"0":{"name":"(anonymous_0)","decl":{"start":{"line":19,"column":10},"end":{"line":19,"column":11}},"loc":{"start":{"line":19,"column":18},"end":{"line":21,"column":3}},"line":19},"1":{"name":"(anonymous_1)","decl":{"start":{"line":22,"column":11},"end":{"line":22,"column":12}},"loc":{"start":{"line":22,"column":19},"end":{"line":25,"column":3}},"line":22},"2":{"name":"(anonymous_2)","decl":{"start":{"line":27,"column":24},"end":{"line":27,"column":25}},"loc":{"start":{"line":27,"column":37},"end":{"line":31,"column":1}},"line":27}},"branchMap":{"0":{"loc":{"start":{"line":7,"column":16},"end":{"line":7,"column":53}},"type":"binary-expr","locations":[{"start":{"line":7,"column":16},"end":{"line":7,"column":36}},{"start":{"line":7,"column":40},"end":{"line":7,"column":53}}],"line":7},"1":{"loc":{"start":{"line":11,"column":0},"end":{"line":15,"column":1}},"type":"if","locations":[{"start":{"line":11,"column":0},"end":{"line":15,"column":1}},{"start":{"line":11,"column":0},"end":{"line":15,"column":1}}],"line":11},"2":{"loc":{"start":{"line":20,"column":11},"end":{"line":20,"column":89}},"type":"binary-expr","locations":[{"start":{"line":20,"column":12},"end":{"line":20,"column":35}},{"start":{"line":20,"column":41},"end":{"line":20,"column":58}},{"start":{"line":20,"column":64},"end":{"line":20,"column":88}}],"line":20},"3":{"loc":{"start":{"line":28,"column":2},"end":{"line":30,"column":3}},"type":"if","locations":[{"start":{"line":28,"column":2},"end":{"line":30,"column":3}},{"start":{"line":28,"column":2},"end":{"line":30,"column":3}}],"line":28}},"s":{"0":7,"1":7,"2":7,"3":7,"4":7,"5":7,"6":7,"7":7,"8":0,"9":7,"10":7,"11":28,"12":21,"13":21,"14":7,"15":21,"16":21,"17":7,"18":7,"19":7},"f":{"0":28,"1":21,"2":21},"b":{"0":[7,0],"1":[0,7],"2":[28,28,21],"3":[21,0]},"_coverageSchema":"332fd63041d2c1bcb487cc26dd0d5f7d97098a6c","hash":"bd3767c7e24d95f95c5ca307e8872bcc6414bd77"}
,"/Users/aakashraju/MDL/Evaluations/evaluation4/backend/models/questionbank.js": {"path":"/Users/aakashraju/MDL/Evaluations/evaluation4/backend/models/questionbank.js","statementMap":{"0":{"start":{"line":2,"column":0},"end":{"line":13,"column":2}},"1":{"start":{"line":3,"column":21},"end":{"line":8,"column":8}},"2":{"start":{"line":9,"column":2},"end":{"line":11,"column":4}},"3":{"start":{"line":12,"column":2},"end":{"line":12,"column":22}}},"fnMap":{"0":{"name":"(anonymous_0)","decl":{"start":{"line":2,"column":17},"end":{"line":2,"column":18}},"loc":{"start":{"line":2,"column":43},"end":{"line":13,"column":1}},"line":2},"1":{"name":"(anonymous_1)","decl":{"start":{"line":9,"column":27},"end":{"line":9,"column":28}},"loc":{"start":{"line":9,"column":44},"end":{"line":11,"column":3}},"line":9}},"branchMap":{},"s":{"0":7,"1":7,"2":7,"3":7},"f":{"0":7,"1":7},"b":{},"_coverageSchema":"332fd63041d2c1bcb487cc26dd0d5f7d97098a6c","hash":"f58557b7182fe430f67a0b7baac960e5ce05a5f1"}
,"/Users/aakashraju/MDL/Evaluations/evaluation4/backend/models/responses.js": {"path":"/Users/aakashraju/MDL/Evaluations/evaluation4/backend/models/responses.js","statementMap":{"0":{"start":{"line":2,"column":0},"end":{"line":12,"column":2}},"1":{"start":{"line":3,"column":18},"end":{"line":7,"column":8}},"2":{"start":{"line":8,"column":2},"end":{"line":10,"column":4}},"3":{"start":{"line":11,"column":2},"end":{"line":11,"column":19}}},"fnMap":{"0":{"name":"(anonymous_0)","decl":{"start":{"line":2,"column":17},"end":{"line":2,"column":18}},"loc":{"start":{"line":2,"column":43},"end":{"line":12,"column":1}},"line":2},"1":{"name":"(anonymous_1)","decl":{"start":{"line":8,"column":24},"end":{"line":8,"column":25}},"loc":{"start":{"line":8,"column":41},"end":{"line":10,"column":3}},"line":8}},"branchMap":{},"s":{"0":7,"1":7,"2":7,"3":7},"f":{"0":7,"1":7},"b":{},"_coverageSchema":"332fd63041d2c1bcb487cc26dd0d5f7d97098a6c","hash":"c7205633c74a2063d637060fe66aab2a22db2a97"}
,"/Users/aakashraju/MDL/Evaluations/evaluation4/backend/models/users.js": {"path":"/Users/aakashraju/MDL/Evaluations/evaluation4/backend/models/users.js","statementMap":{"0":{"start":{"line":2,"column":0},"end":{"line":11,"column":2}},"1":{"start":{"line":3,"column":14},"end":{"line":6,"column":8}},"2":{"start":{"line":7,"column":2},"end":{"line":9,"column":4}},"3":{"start":{"line":10,"column":2},"end":{"line":10,"column":15}}},"fnMap":{"0":{"name":"(anonymous_0)","decl":{"start":{"line":2,"column":17},"end":{"line":2,"column":18}},"loc":{"start":{"line":2,"column":43},"end":{"line":11,"column":1}},"line":2},"1":{"name":"(anonymous_1)","decl":{"start":{"line":7,"column":20},"end":{"line":7,"column":21}},"loc":{"start":{"line":7,"column":37},"end":{"line":9,"column":3}},"line":7}},"branchMap":{},"s":{"0":7,"1":7,"2":7,"3":7},"f":{"0":7,"1":7},"b":{},"_coverageSchema":"332fd63041d2c1bcb487cc26dd0d5f7d97098a6c","hash":"efb93b5235bb97e7c6ad78db557175f183d471b9"}
,"/Users/aakashraju/MDL/Evaluations/evaluation4/backend/src/server.js": {"path":"/Users/aakashraju/MDL/Evaluations/evaluation4/backend/src/server.js","statementMap":{"0":{"start":{"line":1,"column":13},"end":{"line":1,"column":28}},"1":{"start":{"line":2,"column":15},"end":{"line":2,"column":34}},"2":{"start":{"line":4,"column":15},"end":{"line":4,"column":32}},"3":{"start":{"line":6,"column":0},"end":{"line":6,"column":53}},"4":{"start":{"line":8,"column":0},"end":{"line":8,"column":21}},"5":{"start":{"line":10,"column":0},"end":{"line":15,"column":1}},"6":{"start":{"line":11,"column":2},"end":{"line":14,"column":5}},"7":{"start":{"line":12,"column":4},"end":{"line":12,"column":21}},"8":{"start":{"line":13,"column":4},"end":{"line":13,"column":55}},"9":{"start":{"line":18,"column":0},"end":{"line":18,"column":24}}},"fnMap":{"0":{"name":"(anonymous_0)","decl":{"start":{"line":11,"column":15},"end":{"line":11,"column":16}},"loc":{"start":{"line":11,"column":24},"end":{"line":14,"column":3}},"line":11}},"branchMap":{"0":{"loc":{"start":{"line":10,"column":0},"end":{"line":15,"column":1}},"type":"if","locations":[{"start":{"line":10,"column":0},"end":{"line":15,"column":1}},{"start":{"line":10,"column":0},"end":{"line":15,"column":1}}],"line":10}},"s":{"0":5,"1":5,"2":5,"3":5,"4":5,"5":5,"6":0,"7":0,"8":0,"9":5},"f":{"0":0},"b":{"0":[0,5]},"_coverageSchema":"332fd63041d2c1bcb487cc26dd0d5f7d97098a6c","hash":"8985b523e683e72906862244350c18fa83284ec6"}
,"/Users/aakashraju/MDL/Evaluations/evaluation4/backend/src/controllers/calculateScoreHandler.js": {"path":"/Users/aakashraju/MDL/Evaluations/evaluation4/backend/src/controllers/calculateScoreHandler.js","statementMap":{"0":{"start":{"line":1,"column":15},"end":{"line":1,"column":38}},"1":{"start":{"line":3,"column":0},"end":{"line":42,"column":2}},"2":{"start":{"line":4,"column":15},"end":{"line":4,"column":16}},"3":{"start":{"line":5,"column":18},"end":{"line":40,"column":4}},"4":{"start":{"line":6,"column":16},"end":{"line":6,"column":17}},"5":{"start":{"line":7,"column":4},"end":{"line":39,"column":7}},"6":{"start":{"line":12,"column":6},"end":{"line":38,"column":9}},"7":{"start":{"line":14,"column":8},"end":{"line":37,"column":11}},"8":{"start":{"line":19,"column":10},"end":{"line":21,"column":11}},"9":{"start":{"line":20,"column":12},"end":{"line":20,"column":24}},"10":{"start":{"line":22,"column":10},"end":{"line":22,"column":21}},"11":{"start":{"line":23,"column":10},"end":{"line":36,"column":11}},"12":{"start":{"line":24,"column":12},"end":{"line":35,"column":15}},"13":{"start":{"line":34,"column":14},"end":{"line":34,"column":30}},"14":{"start":{"line":41,"column":2},"end":{"line":41,"column":17}}},"fnMap":{"0":{"name":"(anonymous_0)","decl":{"start":{"line":3,"column":17},"end":{"line":3,"column":18}},"loc":{"start":{"line":3,"column":28},"end":{"line":42,"column":1}},"line":3},"1":{"name":"(anonymous_1)","decl":{"start":{"line":5,"column":30},"end":{"line":5,"column":31}},"loc":{"start":{"line":5,"column":43},"end":{"line":40,"column":3}},"line":5},"2":{"name":"(anonymous_2)","decl":{"start":{"line":11,"column":12},"end":{"line":11,"column":13}},"loc":{"start":{"line":11,"column":22},"end":{"line":39,"column":5}},"line":11},"3":{"name":"(anonymous_3)","decl":{"start":{"line":12,"column":19},"end":{"line":12,"column":20}},"loc":{"start":{"line":12,"column":33},"end":{"line":38,"column":7}},"line":12},"4":{"name":"(anonymous_4)","decl":{"start":{"line":18,"column":16},"end":{"line":18,"column":17}},"loc":{"start":{"line":18,"column":26},"end":{"line":37,"column":9}},"line":18},"5":{"name":"(anonymous_5)","decl":{"start":{"line":33,"column":19},"end":{"line":33,"column":20}},"loc":{"start":{"line":33,"column":25},"end":{"line":35,"column":13}},"line":33}},"branchMap":{"0":{"loc":{"start":{"line":19,"column":10},"end":{"line":21,"column":11}},"type":"if","locations":[{"start":{"line":19,"column":10},"end":{"line":21,"column":11}},{"start":{"line":19,"column":10},"end":{"line":21,"column":11}}],"line":19},"1":{"loc":{"start":{"line":23,"column":10},"end":{"line":36,"column":11}},"type":"if","locations":[{"start":{"line":23,"column":10},"end":{"line":36,"column":11}},{"start":{"line":23,"column":10},"end":{"line":36,"column":11}}],"line":23}},"s":{"0":5,"1":5,"2":2,"3":2,"4":2,"5":2,"6":2,"7":4,"8":4,"9":2,"10":4,"11":4,"12":2,"13":2,"14":2},"f":{"0":2,"1":2,"2":2,"3":4,"4":4,"5":2},"b":{"0":[2,2],"1":[2,2]},"_coverageSchema":"332fd63041d2c1bcb487cc26dd0d5f7d97098a6c","hash":"f89cf950da6be8732ec6b5f59582bb2aaf0ee49d"}
,"/Users/aakashraju/MDL/Evaluations/evaluation4/backend/src/controllers/getQuestionsHandler.js": {"path":"/Users/aakashraju/MDL/Evaluations/evaluation4/backend/src/controllers/getQuestionsHandler.js","statementMap":{"0":{"start":{"line":1,"column":14},"end":{"line":1,"column":35}},"1":{"start":{"line":2,"column":15},"end":{"line":2,"column":38}},"2":{"start":{"line":4,"column":0},"end":{"line":41,"column":2}},"3":{"start":{"line":5,"column":18},"end":{"line":39,"column":4}},"4":{"start":{"line":6,"column":4},"end":{"line":38,"column":7}},"5":{"start":{"line":7,"column":6},"end":{"line":37,"column":7}},"6":{"start":{"line":8,"column":29},"end":{"line":8,"column":31}},"7":{"start":{"line":10,"column":8},"end":{"line":34,"column":11}},"8":{"start":{"line":10,"column":102},"end":{"line":10,"column":113}},"9":{"start":{"line":11,"column":10},"end":{"line":30,"column":13}},"10":{"start":{"line":12,"column":12},"end":{"line":29,"column":15}},"11":{"start":{"line":13,"column":14},"end":{"line":28,"column":17}},"12":{"start":{"line":13,"column":133},"end":{"line":13,"column":144}},"13":{"start":{"line":14,"column":38},"end":{"line":14,"column":40}},"14":{"start":{"line":15,"column":16},"end":{"line":19,"column":19}},"15":{"start":{"line":16,"column":18},"end":{"line":18,"column":19}},"16":{"start":{"line":17,"column":20},"end":{"line":17,"column":55}},"17":{"start":{"line":20,"column":16},"end":{"line":27,"column":19}},"18":{"start":{"line":26,"column":18},"end":{"line":26,"column":38}},"19":{"start":{"line":31,"column":10},"end":{"line":33,"column":13}},"20":{"start":{"line":32,"column":12},"end":{"line":32,"column":31}},"21":{"start":{"line":36,"column":8},"end":{"line":36,"column":31}},"22":{"start":{"line":40,"column":2},"end":{"line":40,"column":17}}},"fnMap":{"0":{"name":"(anonymous_0)","decl":{"start":{"line":4,"column":17},"end":{"line":4,"column":18}},"loc":{"start":{"line":4,"column":23},"end":{"line":41,"column":1}},"line":4},"1":{"name":"(anonymous_1)","decl":{"start":{"line":5,"column":30},"end":{"line":5,"column":31}},"loc":{"start":{"line":5,"column":43},"end":{"line":39,"column":3}},"line":5},"2":{"name":"(anonymous_2)","decl":{"start":{"line":6,"column":39},"end":{"line":6,"column":40}},"loc":{"start":{"line":6,"column":58},"end":{"line":38,"column":5}},"line":6},"3":{"name":"(anonymous_3)","decl":{"start":{"line":10,"column":94},"end":{"line":10,"column":95}},"loc":{"start":{"line":10,"column":102},"end":{"line":10,"column":113}},"line":10},"4":{"name":"(anonymous_4)","decl":{"start":{"line":10,"column":120},"end":{"line":10,"column":121}},"loc":{"start":{"line":10,"column":134},"end":{"line":34,"column":9}},"line":10},"5":{"name":"(anonymous_5)","decl":{"start":{"line":11,"column":40},"end":{"line":11,"column":41}},"loc":{"start":{"line":11,"column":57},"end":{"line":30,"column":11}},"line":11},"6":{"name":"(anonymous_6)","decl":{"start":{"line":12,"column":42},"end":{"line":12,"column":43}},"loc":{"start":{"line":12,"column":63},"end":{"line":29,"column":13}},"line":12},"7":{"name":"(anonymous_7)","decl":{"start":{"line":13,"column":125},"end":{"line":13,"column":126}},"loc":{"start":{"line":13,"column":133},"end":{"line":13,"column":144}},"line":13},"8":{"name":"(anonymous_8)","decl":{"start":{"line":13,"column":151},"end":{"line":13,"column":152}},"loc":{"start":{"line":13,"column":165},"end":{"line":28,"column":15}},"line":13},"9":{"name":"(anonymous_9)","decl":{"start":{"line":15,"column":46},"end":{"line":15,"column":47}},"loc":{"start":{"line":15,"column":55},"end":{"line":19,"column":17}},"line":15},"10":{"name":"(anonymous_10)","decl":{"start":{"line":25,"column":24},"end":{"line":25,"column":25}},"loc":{"start":{"line":25,"column":40},"end":{"line":27,"column":17}},"line":25},"11":{"name":"(anonymous_11)","decl":{"start":{"line":31,"column":41},"end":{"line":31,"column":42}},"loc":{"start":{"line":31,"column":56},"end":{"line":33,"column":11}},"line":31}},"branchMap":{"0":{"loc":{"start":{"line":7,"column":6},"end":{"line":37,"column":7}},"type":"if","locations":[{"start":{"line":7,"column":6},"end":{"line":37,"column":7}},{"start":{"line":7,"column":6},"end":{"line":37,"column":7}}],"line":7},"1":{"loc":{"start":{"line":16,"column":18},"end":{"line":18,"column":19}},"type":"if","locations":[{"start":{"line":16,"column":18},"end":{"line":18,"column":19}},{"start":{"line":16,"column":18},"end":{"line":18,"column":19}}],"line":16}},"s":{"0":6,"1":6,"2":6,"3":2,"4":2,"5":2,"6":0,"7":0,"8":0,"9":0,"10":0,"11":0,"12":0,"13":0,"14":0,"15":0,"16":0,"17":0,"18":0,"19":0,"20":0,"21":2,"22":2},"f":{"0":2,"1":2,"2":2,"3":0,"4":0,"5":0,"6":0,"7":0,"8":0,"9":0,"10":0,"11":0},"b":{"0":[0,2],"1":[0,0]},"_coverageSchema":"332fd63041d2c1bcb487cc26dd0d5f7d97098a6c","hash":"feec74cc2cce897b9a1678aafa0c3056c0fb17ef"}
,"/Users/aakashraju/MDL/Evaluations/evaluation4/backend/src/controllers/getTopHandler.js": {"path":"/Users/aakashraju/MDL/Evaluations/evaluation4/backend/src/controllers/getTopHandler.js","statementMap":{"0":{"start":{"line":1,"column":15},"end":{"line":1,"column":38}},"1":{"start":{"line":3,"column":0},"end":{"line":16,"column":2}},"2":{"start":{"line":4,"column":18},"end":{"line":14,"column":5}},"3":{"start":{"line":5,"column":4},"end":{"line":13,"column":7}},"4":{"start":{"line":12,"column":6},"end":{"line":12,"column":20}},"5":{"start":{"line":15,"column":2},"end":{"line":15,"column":17}}},"fnMap":{"0":{"name":"(anonymous_0)","decl":{"start":{"line":3,"column":17},"end":{"line":3,"column":18}},"loc":{"start":{"line":3,"column":23},"end":{"line":16,"column":1}},"line":3},"1":{"name":"(anonymous_1)","decl":{"start":{"line":4,"column":31},"end":{"line":4,"column":32}},"loc":{"start":{"line":4,"column":44},"end":{"line":14,"column":3}},"line":4},"2":{"name":"(anonymous_2)","decl":{"start":{"line":10,"column":12},"end":{"line":10,"column":13}},"loc":{"start":{"line":10,"column":22},"end":{"line":13,"column":5}},"line":10}},"branchMap":{},"s":{"0":5,"1":5,"2":3,"3":3,"4":3,"5":3},"f":{"0":3,"1":3,"2":3},"b":{},"_coverageSchema":"332fd63041d2c1bcb487cc26dd0d5f7d97098a6c","hash":"ca6a0ca6b30e706724dc440840365ed7dbebf701"}
,"/Users/aakashraju/MDL/Evaluations/evaluation4/backend/src/controllers/loginHandler.js": {"path":"/Users/aakashraju/MDL/Evaluations/evaluation4/backend/src/controllers/loginHandler.js","statementMap":{"0":{"start":{"line":1,"column":15},"end":{"line":1,"column":38}},"1":{"start":{"line":3,"column":0},"end":{"line":30,"column":2}},"2":{"start":{"line":4,"column":18},"end":{"line":28,"column":4}},"3":{"start":{"line":5,"column":4},"end":{"line":27,"column":7}},"4":{"start":{"line":10,"column":6},"end":{"line":26,"column":7}},"5":{"start":{"line":11,"column":8},"end":{"line":14,"column":56}},"6":{"start":{"line":14,"column":24},"end":{"line":14,"column":52}},"7":{"start":{"line":16,"column":8},"end":{"line":25,"column":11}},"8":{"start":{"line":21,"column":10},"end":{"line":24,"column":13}},"9":{"start":{"line":29,"column":2},"end":{"line":29,"column":17}}},"fnMap":{"0":{"name":"(anonymous_0)","decl":{"start":{"line":3,"column":17},"end":{"line":3,"column":18}},"loc":{"start":{"line":3,"column":28},"end":{"line":30,"column":1}},"line":3},"1":{"name":"(anonymous_1)","decl":{"start":{"line":4,"column":30},"end":{"line":4,"column":31}},"loc":{"start":{"line":4,"column":43},"end":{"line":28,"column":3}},"line":4},"2":{"name":"(anonymous_2)","decl":{"start":{"line":9,"column":12},"end":{"line":9,"column":13}},"loc":{"start":{"line":9,"column":22},"end":{"line":27,"column":5}},"line":9},"3":{"name":"(anonymous_3)","decl":{"start":{"line":14,"column":16},"end":{"line":14,"column":17}},"loc":{"start":{"line":14,"column":22},"end":{"line":14,"column":54}},"line":14},"4":{"name":"(anonymous_4)","decl":{"start":{"line":20,"column":16},"end":{"line":20,"column":17}},"loc":{"start":{"line":20,"column":34},"end":{"line":25,"column":9}},"line":20}},"branchMap":{"0":{"loc":{"start":{"line":10,"column":6},"end":{"line":26,"column":7}},"type":"if","locations":[{"start":{"line":10,"column":6},"end":{"line":26,"column":7}},{"start":{"line":10,"column":6},"end":{"line":26,"column":7}}],"line":10}},"s":{"0":5,"1":5,"2":4,"3":4,"4":4,"5":2,"6":2,"7":2,"8":2,"9":4},"f":{"0":4,"1":4,"2":4,"3":2,"4":2},"b":{"0":[2,2]},"_coverageSchema":"332fd63041d2c1bcb487cc26dd0d5f7d97098a6c","hash":"2c55a22213de288871b4198dbdcb7d3c07c4e0df"}
,"/Users/aakashraju/MDL/Evaluations/evaluation4/backend/src/controllers/saveQuestionResponseHandler.js": {"path":"/Users/aakashraju/MDL/Evaluations/evaluation4/backend/src/controllers/saveQuestionResponseHandler.js","statementMap":{"0":{"start":{"line":1,"column":15},"end":{"line":1,"column":38}},"1":{"start":{"line":3,"column":0},"end":{"line":21,"column":2}},"2":{"start":{"line":4,"column":18},"end":{"line":19,"column":4}},"3":{"start":{"line":5,"column":4},"end":{"line":18,"column":7}},"4":{"start":{"line":11,"column":6},"end":{"line":17,"column":9}},"5":{"start":{"line":16,"column":8},"end":{"line":16,"column":32}},"6":{"start":{"line":20,"column":2},"end":{"line":20,"column":17}}},"fnMap":{"0":{"name":"(anonymous_0)","decl":{"start":{"line":3,"column":17},"end":{"line":3,"column":18}},"loc":{"start":{"line":3,"column":43},"end":{"line":21,"column":1}},"line":3},"1":{"name":"(anonymous_1)","decl":{"start":{"line":4,"column":30},"end":{"line":4,"column":31}},"loc":{"start":{"line":4,"column":43},"end":{"line":19,"column":3}},"line":4},"2":{"name":"(anonymous_2)","decl":{"start":{"line":10,"column":12},"end":{"line":10,"column":13}},"loc":{"start":{"line":10,"column":18},"end":{"line":18,"column":5}},"line":10},"3":{"name":"(anonymous_3)","decl":{"start":{"line":15,"column":14},"end":{"line":15,"column":15}},"loc":{"start":{"line":15,"column":20},"end":{"line":17,"column":7}},"line":15}},"branchMap":{},"s":{"0":6,"1":6,"2":3,"3":3,"4":3,"5":3,"6":3},"f":{"0":3,"1":3,"2":3,"3":3},"b":{},"_coverageSchema":"332fd63041d2c1bcb487cc26dd0d5f7d97098a6c","hash":"c6d551e6d6d6ae237a36e7c383945a5b1be073c2"}
,"/Users/aakashraju/MDL/Evaluations/evaluation4/backend/src/routes/calculateScore.js": {"path":"/Users/aakashraju/MDL/Evaluations/evaluation4/backend/src/routes/calculateScore.js","statementMap":{"0":{"start":{"line":1,"column":30},"end":{"line":1,"column":77}},"1":{"start":{"line":3,"column":0},"end":{"line":12,"column":2}},"2":{"start":{"line":7,"column":25},"end":{"line":7,"column":72}},"3":{"start":{"line":8,"column":4},"end":{"line":10,"column":7}},"4":{"start":{"line":9,"column":6},"end":{"line":9,"column":18}}},"fnMap":{"0":{"name":"(anonymous_0)","decl":{"start":{"line":6,"column":11},"end":{"line":6,"column":12}},"loc":{"start":{"line":6,"column":31},"end":{"line":11,"column":3}},"line":6},"1":{"name":"(anonymous_1)","decl":{"start":{"line":8,"column":22},"end":{"line":8,"column":23}},"loc":{"start":{"line":8,"column":32},"end":{"line":10,"column":5}},"line":8}},"branchMap":{},"s":{"0":5,"1":5,"2":2,"3":2,"4":2},"f":{"0":2,"1":2},"b":{},"_coverageSchema":"332fd63041d2c1bcb487cc26dd0d5f7d97098a6c","hash":"b0de7a69069810697a84e2693cb61608548ee515"}
,"/Users/aakashraju/MDL/Evaluations/evaluation4/backend/src/routes/getQuestions.js": {"path":"/Users/aakashraju/MDL/Evaluations/evaluation4/backend/src/routes/getQuestions.js","statementMap":{"0":{"start":{"line":1,"column":28},"end":{"line":1,"column":73}},"1":{"start":{"line":3,"column":0},"end":{"line":12,"column":2}},"2":{"start":{"line":7,"column":25},"end":{"line":7,"column":46}},"3":{"start":{"line":8,"column":4},"end":{"line":10,"column":7}},"4":{"start":{"line":9,"column":6},"end":{"line":9,"column":18}}},"fnMap":{"0":{"name":"(anonymous_0)","decl":{"start":{"line":6,"column":11},"end":{"line":6,"column":12}},"loc":{"start":{"line":6,"column":31},"end":{"line":11,"column":3}},"line":6},"1":{"name":"(anonymous_1)","decl":{"start":{"line":8,"column":22},"end":{"line":8,"column":23}},"loc":{"start":{"line":8,"column":32},"end":{"line":10,"column":5}},"line":8}},"branchMap":{},"s":{"0":5,"1":5,"2":1,"3":1,"4":1},"f":{"0":1,"1":1},"b":{},"_coverageSchema":"332fd63041d2c1bcb487cc26dd0d5f7d97098a6c","hash":"7a2b7c621feb0ca39c109e16417b31827d66ce30"}
,"/Users/aakashraju/MDL/Evaluations/evaluation4/backend/src/routes/getTop.js": {"path":"/Users/aakashraju/MDL/Evaluations/evaluation4/backend/src/routes/getTop.js","statementMap":{"0":{"start":{"line":1,"column":22},"end":{"line":1,"column":61}},"1":{"start":{"line":3,"column":0},"end":{"line":12,"column":2}},"2":{"start":{"line":7,"column":25},"end":{"line":7,"column":40}},"3":{"start":{"line":8,"column":4},"end":{"line":10,"column":7}},"4":{"start":{"line":9,"column":6},"end":{"line":9,"column":18}}},"fnMap":{"0":{"name":"(anonymous_0)","decl":{"start":{"line":6,"column":11},"end":{"line":6,"column":12}},"loc":{"start":{"line":6,"column":31},"end":{"line":11,"column":3}},"line":6},"1":{"name":"(anonymous_1)","decl":{"start":{"line":8,"column":22},"end":{"line":8,"column":23}},"loc":{"start":{"line":8,"column":32},"end":{"line":10,"column":5}},"line":8}},"branchMap":{},"s":{"0":5,"1":5,"2":3,"3":3,"4":3},"f":{"0":3,"1":3},"b":{},"_coverageSchema":"332fd63041d2c1bcb487cc26dd0d5f7d97098a6c","hash":"0e6bd33c2745c16d13cda9ae9b64a349f04526d6"}
,"/Users/aakashraju/MDL/Evaluations/evaluation4/backend/src/routes/index.js": {"path":"/Users/aakashraju/MDL/Evaluations/evaluation4/backend/src/routes/index.js","statementMap":{"0":{"start":{"line":1,"column":14},"end":{"line":1,"column":32}},"1":{"start":{"line":2,"column":28},"end":{"line":2,"column":61}},"2":{"start":{"line":3,"column":21},"end":{"line":3,"column":46}},"3":{"start":{"line":4,"column":23},"end":{"line":4,"column":50}},"4":{"start":{"line":5,"column":15},"end":{"line":5,"column":34}},"5":{"start":{"line":7,"column":0},"end":{"line":7,"column":93}}},"fnMap":{},"branchMap":{},"s":{"0":5,"1":5,"2":5,"3":5,"4":5,"5":5},"f":{},"b":{},"_coverageSchema":"332fd63041d2c1bcb487cc26dd0d5f7d97098a6c","hash":"31ca0edc00934e020b61b671dc0eb444a220d452"}
,"/Users/aakashraju/MDL/Evaluations/evaluation4/backend/src/routes/login.js": {"path":"/Users/aakashraju/MDL/Evaluations/evaluation4/backend/src/routes/login.js","statementMap":{"0":{"start":{"line":1,"column":21},"end":{"line":1,"column":59}},"1":{"start":{"line":3,"column":0},"end":{"line":12,"column":2}},"2":{"start":{"line":7,"column":25},"end":{"line":7,"column":63}},"3":{"start":{"line":8,"column":4},"end":{"line":10,"column":7}},"4":{"start":{"line":9,"column":6},"end":{"line":9,"column":18}}},"fnMap":{"0":{"name":"(anonymous_0)","decl":{"start":{"line":6,"column":11},"end":{"line":6,"column":12}},"loc":{"start":{"line":6,"column":31},"end":{"line":11,"column":3}},"line":6},"1":{"name":"(anonymous_1)","decl":{"start":{"line":8,"column":22},"end":{"line":8,"column":23}},"loc":{"start":{"line":8,"column":32},"end":{"line":10,"column":5}},"line":8}},"branchMap":{},"s":{"0":5,"1":5,"2":4,"3":4,"4":4},"f":{"0":4,"1":4},"b":{},"_coverageSchema":"332fd63041d2c1bcb487cc26dd0d5f7d97098a6c","hash":"d597ac244207fa73316ce4f083502f6660ebaf5c"}
,"/Users/aakashraju/MDL/Evaluations/evaluation4/backend/src/routes/saveQuestionResponse.js": {"path":"/Users/aakashraju/MDL/Evaluations/evaluation4/backend/src/routes/saveQuestionResponse.js","statementMap":{"0":{"start":{"line":1,"column":28},"end":{"line":1,"column":81}},"1":{"start":{"line":3,"column":0},"end":{"line":15,"column":2}},"2":{"start":{"line":7,"column":25},"end":{"line":10,"column":5}},"3":{"start":{"line":11,"column":4},"end":{"line":13,"column":7}},"4":{"start":{"line":12,"column":6},"end":{"line":12,"column":18}}},"fnMap":{"0":{"name":"(anonymous_0)","decl":{"start":{"line":6,"column":11},"end":{"line":6,"column":12}},"loc":{"start":{"line":6,"column":31},"end":{"line":14,"column":3}},"line":6},"1":{"name":"(anonymous_1)","decl":{"start":{"line":11,"column":22},"end":{"line":11,"column":23}},"loc":{"start":{"line":11,"column":32},"end":{"line":13,"column":5}},"line":11}},"branchMap":{},"s":{"0":5,"1":5,"2":2,"3":2,"4":2},"f":{"0":2,"1":2},"b":{},"_coverageSchema":"332fd63041d2c1bcb487cc26dd0d5f7d97098a6c","hash":"970312d2fc2519852b3b35393950ba71966c8bb5"}
}
