TN:
SF:/Users/aakashraju/MDL/Evaluations/evaluation4/backend/models/index.js
FN:19,(anonymous_0)
FN:22,(anonymous_1)
FN:27,(anonymous_2)
FNF:3
FNH:3
FNDA:24,(anonymous_0)
FNDA:18,(anonymous_1)
FNDA:18,(anonymous_2)
DA:3,6
DA:4,6
DA:5,6
DA:6,6
DA:7,6
DA:8,6
DA:9,6
DA:11,6
DA:12,0
DA:14,6
DA:17,6
DA:20,24
DA:23,18
DA:24,18
DA:27,6
DA:28,18
DA:29,18
DA:33,6
DA:34,6
DA:36,6
LF:20
LH:19
BRDA:7,0,0,6
BRDA:7,0,1,0
BRDA:11,1,0,0
BRDA:11,1,1,6
BRDA:20,2,0,24
BRDA:20,2,1,24
BRDA:20,2,2,18
BRDA:28,3,0,18
BRDA:28,3,1,0
BRF:9
BRH:6
end_of_record
TN:
SF:/Users/aakashraju/MDL/Evaluations/evaluation4/backend/models/questionbank.js
FN:2,(anonymous_0)
FN:9,(anonymous_1)
FNF:2
FNH:2
FNDA:6,(anonymous_0)
FNDA:6,(anonymous_1)
DA:2,6
DA:3,6
DA:9,6
DA:12,6
LF:4
LH:4
BRF:0
BRH:0
end_of_record
TN:
SF:/Users/aakashraju/MDL/Evaluations/evaluation4/backend/models/responses.js
FN:2,(anonymous_0)
FN:8,(anonymous_1)
FNF:2
FNH:2
FNDA:6,(anonymous_0)
FNDA:6,(anonymous_1)
DA:2,6
DA:3,6
DA:8,6
DA:11,6
LF:4
LH:4
BRF:0
BRH:0
end_of_record
TN:
SF:/Users/aakashraju/MDL/Evaluations/evaluation4/backend/models/users.js
FN:2,(anonymous_0)
FN:7,(anonymous_1)
FNF:2
FNH:2
FNDA:6,(anonymous_0)
FNDA:6,(anonymous_1)
DA:2,6
DA:3,6
DA:7,6
DA:10,6
LF:4
LH:4
BRF:0
BRH:0
end_of_record
TN:
SF:/Users/aakashraju/MDL/Evaluations/evaluation4/backend/src/server.js
FN:10,(anonymous_0)
FNF:1
FNH:1
FNDA:4,(anonymous_0)
DA:1,4
DA:2,4
DA:4,4
DA:6,4
DA:8,4
DA:10,4
DA:11,4
DA:12,4
DA:15,4
LF:9
LH:9
BRF:0
BRH:0
end_of_record
TN:
SF:/Users/aakashraju/MDL/Evaluations/evaluation4/backend/src/controllers/calculateScoreHandler.js
FN:3,(anonymous_0)
FN:5,(anonymous_1)
FN:11,(anonymous_2)
FN:12,(anonymous_3)
FN:18,(anonymous_4)
FNF:5
FNH:5
FNDA:2,(anonymous_0)
FNDA:2,(anonymous_1)
FNDA:2,(anonymous_2)
FNDA:4,(anonymous_3)
FNDA:4,(anonymous_4)
DA:1,4
DA:3,4
DA:4,2
DA:5,2
DA:6,2
DA:7,2
DA:12,2
DA:13,4
DA:14,4
DA:19,4
DA:20,2
DA:22,4
DA:23,4
DA:24,2
DA:30,2
LF:15
LH:15
BRDA:19,0,0,2
BRDA:19,0,1,2
BRDA:23,1,0,2
BRDA:23,1,1,2
BRF:4
BRH:4
end_of_record
TN:
SF:/Users/aakashraju/MDL/Evaluations/evaluation4/backend/src/controllers/getQuestionsHandler.js
FN:4,(anonymous_0)
FN:5,(anonymous_1)
FN:6,(anonymous_2)
FN:10,(anonymous_3)
FN:10,(anonymous_4)
FN:11,(anonymous_5)
FN:12,(anonymous_6)
FN:13,(anonymous_7)
FN:13,(anonymous_8)
FN:15,(anonymous_9)
FN:25,(anonymous_10)
FN:31,(anonymous_11)
FNF:12
FNH:12
FNDA:2,(anonymous_0)
FNDA:2,(anonymous_1)
FNDA:2,(anonymous_2)
FNDA:1,(anonymous_3)
FNDA:1,(anonymous_4)
FNDA:12,(anonymous_5)
FNDA:12,(anonymous_6)
FNDA:12,(anonymous_7)
FNDA:12,(anonymous_8)
FNDA:72,(anonymous_9)
FNDA:12,(anonymous_10)
FNDA:1,(anonymous_11)
DA:1,5
DA:2,5
DA:4,5
DA:5,2
DA:6,2
DA:7,2
DA:8,1
DA:9,1
DA:10,1
DA:11,1
DA:12,12
DA:13,12
DA:14,12
DA:15,12
DA:16,72
DA:17,48
DA:20,12
DA:26,12
DA:31,1
DA:32,1
DA:36,1
DA:40,2
LF:22
LH:22
BRDA:7,0,0,1
BRDA:7,0,1,1
BRDA:16,1,0,48
BRDA:16,1,1,24
BRF:4
BRH:4
end_of_record
TN:
SF:/Users/aakashraju/MDL/Evaluations/evaluation4/backend/src/controllers/loginHandler.js
FN:3,(anonymous_0)
FN:4,(anonymous_1)
FN:9,(anonymous_2)
FN:14,(anonymous_3)
FN:20,(anonymous_4)
FNF:5
FNH:5
FNDA:4,(anonymous_0)
FNDA:4,(anonymous_1)
FNDA:4,(anonymous_2)
FNDA:2,(anonymous_3)
FNDA:2,(anonymous_4)
DA:1,4
DA:3,4
DA:4,4
DA:5,4
DA:10,4
DA:11,2
DA:14,2
DA:16,2
DA:21,2
DA:29,4
LF:10
LH:10
BRDA:10,0,0,2
BRDA:10,0,1,2
BRF:2
BRH:2
end_of_record
TN:
SF:/Users/aakashraju/MDL/Evaluations/evaluation4/backend/src/controllers/saveQuestionResponseHandler.js
FN:3,(anonymous_0)
FN:4,(anonymous_1)
FN:10,(anonymous_2)
FN:15,(anonymous_3)
FNF:4
FNH:4
FNDA:3,(anonymous_0)
FNDA:3,(anonymous_1)
FNDA:3,(anonymous_2)
FNDA:3,(anonymous_3)
DA:1,5
DA:3,5
DA:4,3
DA:5,3
DA:11,3
DA:16,3
DA:20,3
LF:7
LH:7
BRF:0
BRH:0
end_of_record
TN:
SF:/Users/aakashraju/MDL/Evaluations/evaluation4/backend/src/routes/calculateScore.js
FN:6,(anonymous_0)
FN:8,(anonymous_1)
FNF:2
FNH:2
FNDA:2,(anonymous_0)
FNDA:2,(anonymous_1)
DA:1,4
DA:3,4
DA:7,2
DA:8,2
DA:9,2
LF:5
LH:5
BRF:0
BRH:0
end_of_record
TN:
SF:/Users/aakashraju/MDL/Evaluations/evaluation4/backend/src/routes/getQuestions.js
FN:6,(anonymous_0)
FN:8,(anonymous_1)
FNF:2
FNH:2
FNDA:1,(anonymous_0)
FNDA:1,(anonymous_1)
DA:1,4
DA:3,4
DA:7,1
DA:8,1
DA:9,1
LF:5
LH:5
BRF:0
BRH:0
end_of_record
TN:
SF:/Users/aakashraju/MDL/Evaluations/evaluation4/backend/src/routes/index.js
FNF:0
FNH:0
DA:1,4
DA:2,4
DA:3,4
DA:4,4
DA:6,4
LF:5
LH:5
BRF:0
BRH:0
end_of_record
TN:
SF:/Users/aakashraju/MDL/Evaluations/evaluation4/backend/src/routes/login.js
FN:6,(anonymous_0)
FN:8,(anonymous_1)
FNF:2
FNH:2
FNDA:4,(anonymous_0)
FNDA:4,(anonymous_1)
DA:1,4
DA:3,4
DA:7,4
DA:8,4
DA:9,4
LF:5
LH:5
BRF:0
BRH:0
end_of_record
TN:
SF:/Users/aakashraju/MDL/Evaluations/evaluation4/backend/src/routes/saveQuestionResponse.js
FN:6,(anonymous_0)
FN:11,(anonymous_1)
FNF:2
FNH:2
FNDA:2,(anonymous_0)
FNDA:2,(anonymous_1)
DA:1,4
DA:3,4
DA:7,2
DA:11,2
DA:12,2
LF:5
LH:5
BRF:0
BRH:0
end_of_record
