TN:
SF:/Users/aakashraju/MDL/Evaluations/evaluation4/backend/models/index.js
FN:19,(anonymous_0)
FN:22,(anonymous_1)
FN:27,(anonymous_2)
FNF:3
FNH:3
FNDA:12,(anonymous_0)
FNDA:8,(anonymous_1)
FNDA:8,(anonymous_2)
DA:3,4
DA:4,4
DA:5,4
DA:6,4
DA:7,4
DA:8,4
DA:9,4
DA:11,4
DA:12,0
DA:14,4
DA:17,4
DA:20,12
DA:23,8
DA:24,8
DA:27,4
DA:28,8
DA:29,8
DA:33,4
DA:34,4
DA:36,4
LF:20
LH:19
BRDA:7,0,0,4
BRDA:7,0,1,0
BRDA:11,1,0,0
BRDA:11,1,1,4
BRDA:20,2,0,12
BRDA:20,2,1,12
BRDA:20,2,2,8
BRDA:28,3,0,8
BRDA:28,3,1,0
BRF:9
BRH:6
end_of_record
TN:
SF:/Users/aakashraju/MDL/Evaluations/evaluation4/backend/models/responses.js
FN:2,(anonymous_0)
FN:8,(anonymous_1)
FNF:2
FNH:2
FNDA:4,(anonymous_0)
FNDA:4,(anonymous_1)
DA:2,4
DA:3,4
DA:8,4
DA:11,4
LF:4
LH:4
BRF:0
BRH:0
end_of_record
TN:
SF:/Users/aakashraju/MDL/Evaluations/evaluation4/backend/models/users.js
FN:2,(anonymous_0)
FN:7,(anonymous_1)
FNF:2
FNH:2
FNDA:4,(anonymous_0)
FNDA:4,(anonymous_1)
DA:2,4
DA:3,4
DA:7,4
DA:10,4
LF:4
LH:4
BRF:0
BRH:0
end_of_record
TN:
SF:/Users/aakashraju/MDL/Evaluations/evaluation4/backend/src/server.js
FNF:0
FNH:0
DA:1,3
DA:2,3
DA:4,3
DA:6,3
DA:8,3
DA:15,3
LF:6
LH:6
BRF:0
BRH:0
end_of_record
TN:
SF:/Users/aakashraju/MDL/Evaluations/evaluation4/backend/src/controllers/getQuestionsHandler.js
FN:1,(anonymous_0)
FNF:1
FNH:1
FNDA:1,(anonymous_0)
DA:1,3
LF:1
LH:1
BRF:0
BRH:0
end_of_record
TN:
SF:/Users/aakashraju/MDL/Evaluations/evaluation4/backend/src/controllers/loginHandler.js
FN:3,(anonymous_0)
FN:4,(anonymous_1)
FN:9,(anonymous_2)
FN:14,(anonymous_3)
FN:20,(anonymous_4)
FNF:5
FNH:5
FNDA:4,(anonymous_0)
FNDA:4,(anonymous_1)
FNDA:4,(anonymous_2)
FNDA:2,(anonymous_3)
FNDA:2,(anonymous_4)
DA:1,3
DA:3,3
DA:4,4
DA:5,4
DA:10,4
DA:11,2
DA:14,2
DA:16,2
DA:21,2
DA:29,4
LF:10
LH:10
BRDA:10,0,0,2
BRDA:10,0,1,2
BRF:2
BRH:2
end_of_record
TN:
SF:/Users/aakashraju/MDL/Evaluations/evaluation4/backend/src/controllers/saveQuestionResponseHandler.js
FN:3,(anonymous_0)
FN:4,(anonymous_1)
FN:10,(anonymous_2)
FN:15,(anonymous_3)
FNF:4
FNH:4
FNDA:3,(anonymous_0)
FNDA:3,(anonymous_1)
FNDA:3,(anonymous_2)
FNDA:3,(anonymous_3)
DA:1,4
DA:3,4
DA:4,3
DA:5,3
DA:11,3
DA:16,3
DA:20,3
LF:7
LH:7
BRF:0
BRH:0
end_of_record
TN:
SF:/Users/aakashraju/MDL/Evaluations/evaluation4/backend/src/routes/getQuestions.js
FN:6,(anonymous_0)
FNF:1
FNH:1
FNDA:1,(anonymous_0)
DA:1,3
DA:3,3
DA:7,1
DA:8,1
LF:4
LH:4
BRF:0
BRH:0
end_of_record
TN:
SF:/Users/aakashraju/MDL/Evaluations/evaluation4/backend/src/routes/index.js
FNF:0
FNH:0
DA:1,3
DA:2,3
DA:3,3
DA:5,3
LF:4
LH:4
BRF:0
BRH:0
end_of_record
TN:
SF:/Users/aakashraju/MDL/Evaluations/evaluation4/backend/src/routes/login.js
FN:6,(anonymous_0)
FN:8,(anonymous_1)
FNF:2
FNH:2
FNDA:4,(anonymous_0)
FNDA:4,(anonymous_1)
DA:1,3
DA:3,3
DA:7,4
DA:8,4
DA:9,4
LF:5
LH:5
BRF:0
BRH:0
end_of_record
TN:
SF:/Users/aakashraju/MDL/Evaluations/evaluation4/backend/src/routes/saveQuestionResponse.js
FN:6,(anonymous_0)
FN:11,(anonymous_1)
FNF:2
FNH:2
FNDA:2,(anonymous_0)
FNDA:2,(anonymous_1)
DA:1,3
DA:3,3
DA:7,2
DA:11,2
DA:12,2
LF:5
LH:5
BRF:0
BRH:0
end_of_record
